0 info it worked if it ends with ok
1 verbose cli [ '/Users/madhukarmmallia/.nvm/versions/node/v6.11.2/bin/node',
1 verbose cli   '/Users/madhukarmmallia/.nvm/versions/node/v6.11.2/bin/npm',
1 verbose cli   'run',
1 verbose cli   'server' ]
2 info using npm@3.10.10
3 info using node@v6.11.2
4 verbose run-script [ 'preserver', 'server', 'postserver' ]
5 info lifecycle sample-node-react-redux@0.0.1~preserver: sample-node-react-redux@0.0.1
6 silly lifecycle sample-node-react-redux@0.0.1~preserver: no script for preserver, continuing
7 info lifecycle sample-node-react-redux@0.0.1~server: sample-node-react-redux@0.0.1
8 verbose lifecycle sample-node-react-redux@0.0.1~server: unsafe-perm in lifecycle true
9 verbose lifecycle sample-node-react-redux@0.0.1~server: PATH: /Users/madhukarmmallia/.nvm/versions/node/v6.11.2/lib/node_modules/npm/bin/node-gyp-bin:/Users/madhukarmmallia/Project/samples/diagnal/sample-node-react-redux/node_modules/.bin:/Users/madhukarmmallia/.rvm/gems/ruby-2.3.1/bin:/Users/madhukarmmallia/.rvm/gems/ruby-2.3.1@global/bin:/Users/madhukarmmallia/.rvm/rubies/ruby-2.3.1/bin:/Users/madhukarmmallia/.rvm/bin:/Users/madhukarmmallia/Android/platform-tools:/Users/madhukarmmallia/Android/tools:/Users/madhukarmmallia/.rbenv/shims:/usr/local/sbin:/Users/madhukarmmallia/.sdkman/candidates/sbt/current/bin:/Users/madhukarmmallia/.sdkman/candidates/groovy/current/bin:/Users/madhukarmmallia/.sdkman/candidates/grails/current/bin:/Users/madhukarmmallia/.sdkman/candidates/gradle/current/bin:/Users/madhukarmmallia/.nvm/versions/node/v6.11.2/bin:/usr/local/bin:/usr/local/bin:/usr/bin:/bin:/usr/sbin:/sbin:/Users/madhukarmmallia/go/bin
10 verbose lifecycle sample-node-react-redux@0.0.1~server: CWD: /Users/madhukarmmallia/Project/samples/diagnal/sample-node-react-redux
11 silly lifecycle sample-node-react-redux@0.0.1~server: Args: [ '-c', 'webpack && babel-node server.js' ]
12 silly lifecycle sample-node-react-redux@0.0.1~server: Returned: code: 2  signal: null
13 info lifecycle sample-node-react-redux@0.0.1~server: Failed to exec server script
14 verbose stack Error: sample-node-react-redux@0.0.1 server: `webpack && babel-node server.js`
14 verbose stack Exit status 2
14 verbose stack     at EventEmitter.<anonymous> (/Users/madhukarmmallia/.nvm/versions/node/v6.11.2/lib/node_modules/npm/lib/utils/lifecycle.js:255:16)
14 verbose stack     at emitTwo (events.js:106:13)
14 verbose stack     at EventEmitter.emit (events.js:191:7)
14 verbose stack     at ChildProcess.<anonymous> (/Users/madhukarmmallia/.nvm/versions/node/v6.11.2/lib/node_modules/npm/lib/utils/spawn.js:40:14)
14 verbose stack     at emitTwo (events.js:106:13)
14 verbose stack     at ChildProcess.emit (events.js:191:7)
14 verbose stack     at maybeClose (internal/child_process.js:891:16)
14 verbose stack     at Process.ChildProcess._handle.onexit (internal/child_process.js:226:5)
15 verbose pkgid sample-node-react-redux@0.0.1
16 verbose cwd /Users/madhukarmmallia/Project/samples/diagnal/sample-node-react-redux
17 error Darwin 15.6.0
18 error argv "/Users/madhukarmmallia/.nvm/versions/node/v6.11.2/bin/node" "/Users/madhukarmmallia/.nvm/versions/node/v6.11.2/bin/npm" "run" "server"
19 error node v6.11.2
20 error npm  v3.10.10
21 error code ELIFECYCLE
22 error sample-node-react-redux@0.0.1 server: `webpack && babel-node server.js`
22 error Exit status 2
23 error Failed at the sample-node-react-redux@0.0.1 server script 'webpack && babel-node server.js'.
23 error Make sure you have the latest version of node.js and npm installed.
23 error If you do, this is most likely a problem with the sample-node-react-redux package,
23 error not with npm itself.
23 error Tell the author that this fails on your system:
23 error     webpack && babel-node server.js
23 error You can get information on how to open an issue for this project with:
23 error     npm bugs sample-node-react-redux
23 error Or if that isn't available, you can get their info via:
23 error     npm owner ls sample-node-react-redux
23 error There is likely additional logging output above.
24 verbose exit [ 1, true ]
